{"timestamp":"2023-05-10T18:07:52,679","container":"aff49b4bf705","level":"INFO","thread":"main","class":"Besu","message":"Starting Besu","throwable":""}
{"timestamp":"2023-05-10T18:07:53,675","container":"aff49b4bf705","level":"WARN","thread":"main","class":"Besu","message":"--min-gas-price has been ignored because --miner-enabled was not defined on the command line.","throwable":""}
{"timestamp":"2023-05-10T18:07:56,166","container":"aff49b4bf705","level":"INFO","thread":"main","class":"Besu","message":"
####################################################################################################
#                                                                                                  #
# Besu 22.10.3                                                                                     #
#                                                                                                  #
# Configuration:                                                                                   #
# Network: Mainnet                                                                                 #
# Data storage: Forest                                                                             #
# Sync mode: Full                                                                                  #
# RPC HTTP APIs: EEA,WEB3,ETH,NET,TRACE,DEBUG,ADMIN,TXPOOL,PRIV,PERM,QBFT                          #
# RPC HTTP port: 8545                                                                              #
#                                                                                                  #
# Host:                                                                                            #
# Java: openjdk-java-11                                                                            #
# Maximum heap size: 14.72 GB                                                                      #
# OS: linux-x86_64                                                                                 #
# glibc: 2.31                                                                                      #
# Total memory: 58.87 GB                                                                           #
# CPU cores: 16                                                                                    #
#                                                                                                  #
####################################################################################################","throwable":""}
{"timestamp":"2023-05-10T18:07:56,166","container":"aff49b4bf705","level":"INFO","thread":"main","class":"Besu","message":"Connecting to 8 static nodes.","throwable":""}
{"timestamp":"2023-05-10T18:07:56,181","container":"aff49b4bf705","level":"INFO","thread":"main","class":"Besu","message":"Security Module: localfile","throwable":""}
{"timestamp":"2023-05-10T18:07:56,342","container":"aff49b4bf705","level":"INFO","thread":"main","class":"Besu","message":"Using the native implementation of alt bn128","throwable":""}
{"timestamp":"2023-05-10T18:07:56,465","container":"aff49b4bf705","level":"INFO","thread":"main","class":"Besu","message":"Using the native implementation of modexp","throwable":""}
{"timestamp":"2023-05-10T18:07:56,490","container":"aff49b4bf705","level":"INFO","thread":"main","class":"Besu","message":"Using the native implementation of the signature algorithm","throwable":""}
{"timestamp":"2023-05-10T18:07:56,521","container":"aff49b4bf705","level":"INFO","thread":"main","class":"Besu","message":"Using the native implementation of the blake2bf algorithm","throwable":""}
{"timestamp":"2023-05-10T18:07:56,630","container":"aff49b4bf705","level":"INFO","thread":"main","class":"RocksDBKeyValueStorageFactory","message":"No existing database detected at /opt/besu/data. Using version 1","throwable":""}
{"timestamp":"2023-05-10T18:07:59,216","container":"aff49b4bf705","level":"WARN","thread":"main","class":"Besu","message":"--tx-pool-future-max-by-account has been deprecated, use --tx-pool-limit-by-account-percentage instead.","throwable":""}
{"timestamp":"2023-05-10T18:07:59,343","container":"aff49b4bf705","level":"INFO","thread":"main","class":"KeyPairUtil","message":"Loaded public key 0x2fd5b5b6ad529f55b71602026d1849d0036f06482368b5812fa793014195d3571b0840dbc4175617de2a12db8f1222c012420d471ae5c0d982118625cae58868 from /opt/besu/keys/nodekey","throwable":""}
{"timestamp":"2023-05-10T18:07:59,374","container":"aff49b4bf705","level":"WARN","thread":"main","class":"Besu","message":"Privacy is disabled. Cannot use EEA/PRIV API methods when not using Privacy.","throwable":""}
{"timestamp":"2023-05-10T18:08:00,913","container":"aff49b4bf705","level":"INFO","thread":"main","class":"ProtocolScheduleBuilder","message":"Protocol schedule created with milestones: [Petersburg: 0]","throwable":""}
{"timestamp":"2023-05-10T18:08:01,604","container":"aff49b4bf705","level":"INFO","thread":"main","class":"TransactionPoolFactory","message":"Enabling transaction pool","throwable":""}
{"timestamp":"2023-05-10T18:08:01,692","container":"aff49b4bf705","level":"INFO","thread":"main","class":"BesuControllerBuilder","message":"TTD difficulty is not present, creating initial sync phase for PoW","throwable":""}
{"timestamp":"2023-05-10T18:08:01,875","container":"aff49b4bf705","level":"INFO","thread":"main","class":"RunnerBuilder","message":"Detecting NAT service.","throwable":""}
{"timestamp":"2023-05-10T18:08:03,724","container":"aff49b4bf705","level":"INFO","thread":"main","class":"Runner","message":"Starting external services ... ","throwable":""}
{"timestamp":"2023-05-10T18:08:03,725","container":"aff49b4bf705","level":"INFO","thread":"main","class":"MetricsHttpService","message":"Starting metrics http service on 0.0.0.0:9545","throwable":""}
{"timestamp":"2023-05-10T18:08:03,989","container":"aff49b4bf705","level":"INFO","thread":"vert.x-eventloop-thread-1","class":"MetricsHttpService","message":"Metrics service started and listening on 0.0.0.0:9545","throwable":""}
{"timestamp":"2023-05-10T18:08:04,012","container":"aff49b4bf705","level":"INFO","thread":"main","class":"JsonRpcHttpService","message":"Starting JSON-RPC service on 0.0.0.0:8545","throwable":""}
{"timestamp":"2023-05-10T18:08:04,109","container":"aff49b4bf705","level":"INFO","thread":"vert.x-eventloop-thread-1","class":"JsonRpcHttpService","message":"JSON-RPC service started and listening on 0.0.0.0:8545","throwable":""}
{"timestamp":"2023-05-10T18:08:04,114","container":"aff49b4bf705","level":"INFO","thread":"main","class":"GraphQLHttpService","message":"Starting GraphQL HTTP service on 0.0.0.0:8547","throwable":""}
{"timestamp":"2023-05-10T18:08:04,127","container":"aff49b4bf705","level":"INFO","thread":"vert.x-eventloop-thread-1","class":"GraphQLHttpService","message":"GraphQL HTTP service started and listening on 0.0.0.0:8547","throwable":""}
{"timestamp":"2023-05-10T18:08:04,129","container":"aff49b4bf705","level":"INFO","thread":"main","class":"WebSocketService","message":"Starting Websocket service on 0.0.0.0:8546","throwable":""}
{"timestamp":"2023-05-10T18:08:04,158","container":"aff49b4bf705","level":"INFO","thread":"vert.x-eventloop-thread-1","class":"WebSocketService","message":"Websocket service started and listening on 0.0.0.0:8546","throwable":""}
{"timestamp":"2023-05-10T18:08:04,169","container":"aff49b4bf705","level":"INFO","thread":"main","class":"AutoTransactionLogBloomCachingService","message":"Starting auto transaction log bloom caching service.","throwable":""}
{"timestamp":"2023-05-10T18:08:04,171","container":"aff49b4bf705","level":"INFO","thread":"main","class":"LogBloomCacheMetadata","message":"Lookup cache metadata file in data directory: /opt/besu/data/caches","throwable":""}
{"timestamp":"2023-05-10T18:08:04,222","container":"aff49b4bf705","level":"INFO","thread":"main","class":"Runner","message":"Starting Ethereum main loop ... ","throwable":""}
{"timestamp":"2023-05-10T18:08:04,222","container":"aff49b4bf705","level":"INFO","thread":"main","class":"DockerNatManager","message":"Starting docker NAT manager.","throwable":""}
{"timestamp":"2023-05-10T18:08:04,247","container":"aff49b4bf705","level":"INFO","thread":"main","class":"NetworkRunner","message":"Starting Network.","throwable":""}
{"timestamp":"2023-05-10T18:08:04,325","container":"aff49b4bf705","level":"INFO","thread":"nioEventLoopGroup-2-1","class":"RlpxAgent","message":"P2P RLPx agent started and listening on /0.0.0.0:30303.","throwable":""}
{"timestamp":"2023-05-10T18:08:04,326","container":"aff49b4bf705","level":"INFO","thread":"main","class":"PeerDiscoveryAgent","message":"Starting peer discovery agent on host=0.0.0.0, port=30303","throwable":""}
{"timestamp":"2023-05-10T18:08:04,468","container":"aff49b4bf705","level":"INFO","thread":"vert.x-eventloop-thread-1","class":"VertxPeerDiscoveryAgent","message":"Started peer discovery agent successfully, on effective host=0.0.0.0 and port=30303","throwable":""}
{"timestamp":"2023-05-10T18:08:04,469","container":"aff49b4bf705","level":"INFO","thread":"vert.x-eventloop-thread-1","class":"PeerDiscoveryAgent","message":"P2P peer discovery agent started and listening on /0.0.0.0:30303","throwable":""}
{"timestamp":"2023-05-10T18:08:04,749","container":"aff49b4bf705","level":"INFO","thread":"vert.x-eventloop-thread-1","class":"PeerDiscoveryAgent","message":"Writing node record to disk. NodeRecord{seq=1, publicKey=0x022fd5b5b6ad529f55b71602026d1849d0036f06482368b5812fa793014195d357, udpAddress=Optional[/172.16.239.14:30303], tcpAddress=Optional[/172.16.239.14:30303], asBase64=-Je4QMozhKt2rSOzBGh4DyRfw_JA7v3jRXGnc-DJ488rC63DF0cfWhDsNmoZ6ifCuYbpl2GkauGVZKi0L8uDG6gpbQQBg2V0aMfGhFuBMk-AgmlkgnY0gmlwhKwQ7w6Jc2VjcDI1NmsxoQIv1bW2rVKfVbcWAgJtGEnQA28GSCNotYEvp5MBQZXTV4N0Y3CCdl-DdWRwgnZf, nodeId=0xc8f776c1d83d4fddd02782c698c1334496614aed49d2e81526d089f7264fed9c, customFields={tcp=30303, udp=30303, ip=0xac10ef0e, eth=[[0x5b81324f, 0x]], id=V4, secp256k1=0x022fd5b5b6ad529f55b71602026d1849d0036f06482368b5812fa793014195d357}}","throwable":""}
{"timestamp":"2023-05-10T18:08:04,904","container":"aff49b4bf705","level":"INFO","thread":"main","class":"DefaultP2PNetwork","message":"Enode URL enode://2fd5b5b6ad529f55b71602026d1849d0036f06482368b5812fa793014195d3571b0840dbc4175617de2a12db8f1222c012420d471ae5c0d982118625cae58868@172.16.239.14:30303","throwable":""}
{"timestamp":"2023-05-10T18:08:04,905","container":"aff49b4bf705","level":"INFO","thread":"main","class":"DefaultP2PNetwork","message":"Node address 0x98c1334496614aed49d2e81526d089f7264fed9c","throwable":""}
{"timestamp":"2023-05-10T18:08:05,047","container":"aff49b4bf705","level":"INFO","thread":"main","class":"NetworkRunner","message":"Supported capabilities: [eth/62, eth/63, eth/64, eth/65, eth/66, eth/67, eth/68], [istanbul/100], [snap/1]","throwable":""}
{"timestamp":"2023-05-10T18:08:05,049","container":"aff49b4bf705","level":"INFO","thread":"main","class":"DefaultSynchronizer","message":"Starting synchronizer.","throwable":""}
{"timestamp":"2023-05-10T18:08:05,123","container":"aff49b4bf705","level":"INFO","thread":"main","class":"FullSyncDownloader","message":"Starting full sync.","throwable":""}
{"timestamp":"2023-05-10T18:08:05,130","container":"aff49b4bf705","level":"INFO","thread":"main","class":"FullSyncTargetManager","message":"No sync target, waiting for peers. Current peers: 0","throwable":""}
{"timestamp":"2023-05-10T18:08:05,289","container":"aff49b4bf705","level":"INFO","thread":"main","class":"Runner","message":"Ethereum main loop is up.","throwable":""}
{"timestamp":"2023-05-10T18:08:07,680","container":"aff49b4bf705","level":"INFO","thread":"nioEventLoopGroup-3-2","class":"FullSyncTargetManager","message":"No sync target, waiting for peers. Current peers: 5","throwable":""}
{"timestamp":"2023-05-10T18:08:07,946","container":"aff49b4bf705","level":"INFO","thread":"nioEventLoopGroup-3-4","class":"FullSyncTargetManager","message":"No sync target, waiting for peers. Current peers: 6","throwable":""}
{"timestamp":"2023-05-10T18:08:08,329","container":"aff49b4bf705","level":"INFO","thread":"nioEventLoopGroup-3-1","class":"FullSyncTargetManager","message":"No sync target, waiting for peers. Current peers: 6","throwable":""}
{"timestamp":"2023-05-10T18:08:13,335","container":"aff49b4bf705","level":"INFO","thread":"EthScheduler-Timer-0","class":"FullSyncTargetManager","message":"No sync target, waiting for peers. Current peers: 6","throwable":""}
{"timestamp":"2023-05-10T18:08:15,713","container":"aff49b4bf705","level":"INFO","thread":"BftProcessorExecutor-QBFT-0","class":"QbftRound","message":"Importing proposed block to chain. round=ConsensusRoundIdentifier{Sequence=1, Round=1}, hash=0x5c074d60c79939a09799eb8d1ed967f28a6791f810ba3164cc30b725d86582c6","throwable":""}
{"timestamp":"2023-05-10T18:08:15,802","container":"aff49b4bf705","level":"INFO","thread":"BftProcessorExecutor-QBFT-0","class":"QbftBesuControllerBuilder","message":"Imported #1 / 0 tx / 0 pending / 0 (0.0%) gas / (0x5c074d60c79939a09799eb8d1ed967f28a6791f810ba3164cc30b725d86582c6)","throwable":""}
{"timestamp":"2023-05-10T18:08:18,338","container":"aff49b4bf705","level":"INFO","thread":"EthScheduler-Timer-0","class":"FullSyncTargetManager","message":"No sync target, waiting for peers. Current peers: 6","throwable":""}
{"timestamp":"2023-05-10T18:08:20,100","container":"aff49b4bf705","level":"INFO","thread":"EthScheduler-Workers-0","class":"PersistBlockTask","message":"Imported #2 / 0 tx / 0 om / 0 (0.0%) gas / (0x95e6a10c3d3537e9ff7e899767a24d06694be837edc492c57d6387ca46cf2089) in 0.021s. Peers: 6","throwable":""}
{"timestamp":"2023-05-10T18:08:20,103","container":"aff49b4bf705","level":"INFO","thread":"BftProcessorExecutor-QBFT-0","class":"QbftBesuControllerBuilder","message":"Produced #2 / 0 tx / 0 pending / 0 (0.0%) gas / (0x95e6a10c3d3537e9ff7e899767a24d06694be837edc492c57d6387ca46cf2089)","throwable":""}
{"timestamp":"2023-05-10T18:08:25,073","container":"aff49b4bf705","level":"INFO","thread":"BftProcessorExecutor-QBFT-0","class":"QbftBesuControllerBuilder","message":"Imported #3 / 0 tx / 0 pending / 0 (0.0%) gas / (0x40a699ee555c3404b686f226a508ed9e5b5dd78f65f5112457801cc43c14679f)","throwable":""}
{"timestamp":"2023-05-10T18:08:30,073","container":"aff49b4bf705","level":"INFO","thread":"BftProcessorExecutor-QBFT-0","class":"QbftBesuControllerBuilder","message":"Imported #4 / 0 tx / 0 pending / 0 (0.0%) gas / (0x96a08bd4c632867c700f3c9f987f201ca0e704cf9f7494b94f7d63db0bfcc500)","throwable":""}
{"timestamp":"2023-05-10T18:08:35,081","container":"aff49b4bf705","level":"INFO","thread":"BftProcessorExecutor-QBFT-0","class":"QbftBesuControllerBuilder","message":"Imported #5 / 0 tx / 0 pending / 0 (0.0%) gas / (0x00ae689f905026457d3469910545f98db35fab3efff43a2e54858787cfd34d0e)","throwable":""}
{"timestamp":"2023-05-10T18:08:40,053","container":"aff49b4bf705","level":"INFO","thread":"BftProcessorExecutor-QBFT-0","class":"QbftBesuControllerBuilder","message":"Produced #6 / 0 tx / 0 pending / 0 (0.0%) gas / (0x0d407db71c5ad60509ca146367323f6967e1c9a29a5f3fbda1cf36225ab2ba62)","throwable":""}
{"timestamp":"2023-05-10T18:08:40,053","container":"aff49b4bf705","level":"INFO","thread":"EthScheduler-Workers-0","class":"PersistBlockTask","message":"Block 6 (0x0d407db71c5ad60509ca146367323f6967e1c9a29a5f3fbda1cf36225ab2ba62) is already imported","throwable":""}
{"timestamp":"2023-05-10T18:08:45,024","container":"aff49b4bf705","level":"INFO","thread":"BftProcessorExecutor-QBFT-0","class":"QbftBesuControllerBuilder","message":"Imported #7 / 0 tx / 0 pending / 0 (0.0%) gas / (0xf442a74526e3411f4aa312c2cadce458accc99e43079a448ea8431b78b543b22)","throwable":""}
{"timestamp":"2023-05-10T18:08:50,049","container":"aff49b4bf705","level":"INFO","thread":"BftProcessorExecutor-QBFT-0","class":"QbftBesuControllerBuilder","message":"Imported #8 / 0 tx / 0 pending / 0 (0.0%) gas / (0x400136f38986a79d77182402cf27171af4f4890f4b6f88b82bd43162bed10ec9)","throwable":""}
{"timestamp":"2023-05-10T18:08:55,061","container":"aff49b4bf705","level":"INFO","thread":"EthScheduler-Workers-0","class":"PersistBlockTask","message":"Imported #9 / 0 tx / 0 om / 0 (0.0%) gas / (0x4f2087e4f523ec2426247fdd2184abca25f77b09d6d59a9f7ec492465b041743) in 0.016s. Peers: 7","throwable":""}
{"timestamp":"2023-05-10T18:09:00,032","container":"aff49b4bf705","level":"INFO","thread":"BftProcessorExecutor-QBFT-0","class":"QbftBesuControllerBuilder","message":"Produced #10 / 0 tx / 0 pending / 0 (0.0%) gas / (0x770c91e8513c363450e2a8668fa16cbfd744632af36df43e1e79c7cd73080795)","throwable":""}
{"timestamp":"2023-05-10T18:09:05,042","container":"aff49b4bf705","level":"INFO","thread":"BftProcessorExecutor-QBFT-0","class":"QbftBesuControllerBuilder","message":"Imported #11 / 0 tx / 0 pending / 0 (0.0%) gas / (0x7fb5f64bd226c5391b7a4425e462743dfe3af1e2ff373fecd696f26fe6950aa3)","throwable":""}
{"timestamp":"2023-05-10T18:09:10,035","container":"aff49b4bf705","level":"INFO","thread":"BftProcessorExecutor-QBFT-0","class":"QbftBesuControllerBuilder","message":"Imported #12 / 0 tx / 0 pending / 0 (0.0%) gas / (0x490203b9e9d6a0d150e12a7bcf54ed603312f050afea1a8d5e777de7b7e60ad6)","throwable":""}
{"timestamp":"2023-05-10T18:09:15,040","container":"aff49b4bf705","level":"INFO","thread":"BftProcessorExecutor-QBFT-0","class":"QbftBesuControllerBuilder","message":"Imported #13 / 0 tx / 0 pending / 0 (0.0%) gas / (0x7a9ad960527999e87c1e7923c84ac64b8e9dd4522c4beebc1db6e25de98177bd)","throwable":""}
{"timestamp":"2023-05-10T18:09:20,034","container":"aff49b4bf705","level":"INFO","thread":"BftProcessorExecutor-QBFT-0","class":"QbftBesuControllerBuilder","message":"Produced #14 / 0 tx / 0 pending / 0 (0.0%) gas / (0x6e2b2d486161fd45e7e44aa1bb275b77f0e305459eea69274047e6e3de35b1d5)","throwable":""}
{"timestamp":"2023-05-10T18:09:25,034","container":"aff49b4bf705","level":"INFO","thread":"BftProcessorExecutor-QBFT-0","class":"QbftBesuControllerBuilder","message":"Imported #15 / 0 tx / 0 pending / 0 (0.0%) gas / (0xef47eb306575fd323ca1280063e08d742607714015540a9c1d9e87841a5214bd)","throwable":""}
{"timestamp":"2023-05-10T18:09:30,026","container":"aff49b4bf705","level":"INFO","thread":"BftProcessorExecutor-QBFT-0","class":"QbftBesuControllerBuilder","message":"Imported #16 / 0 tx / 0 pending / 0 (0.0%) gas / (0x683ef89dee34b4aa76e09fff9ba84a4622a43b7697814220d26df5375b7cf10b)","throwable":""}
{"timestamp":"2023-05-10T18:09:35,046","container":"aff49b4bf705","level":"INFO","thread":"BftProcessorExecutor-QBFT-0","class":"QbftBesuControllerBuilder","message":"Imported #17 / 0 tx / 0 pending / 0 (0.0%) gas / (0x337f5452a266581a442fed63cead119f3d2cf18a2742be5870f60494d3cb9ef1)","throwable":""}
{"timestamp":"2023-05-10T18:09:40,027","container":"aff49b4bf705","level":"INFO","thread":"BftProcessorExecutor-QBFT-0","class":"QbftBesuControllerBuilder","message":"Produced #18 / 0 tx / 0 pending / 0 (0.0%) gas / (0xf13fd1a831373759f11575e825deea14ca74d8ff4ca1bb1536a588045bb148f6)","throwable":""}
{"timestamp":"2023-05-10T18:09:40,027","container":"aff49b4bf705","level":"INFO","thread":"EthScheduler-Workers-0","class":"PersistBlockTask","message":"Block 18 (0xf13fd1a831373759f11575e825deea14ca74d8ff4ca1bb1536a588045bb148f6) is already imported","throwable":""}
{"timestamp":"2023-05-10T18:09:45,024","container":"aff49b4bf705","level":"INFO","thread":"BftProcessorExecutor-QBFT-0","class":"QbftBesuControllerBuilder","message":"Imported #19 / 0 tx / 0 pending / 0 (0.0%) gas / (0x36695ab1204800fdb505b2224549face5d44b1898c972d3cd83dc9cdd01f0b51)","throwable":""}
{"timestamp":"2023-05-10T18:09:50,022","container":"aff49b4bf705","level":"INFO","thread":"BftProcessorExecutor-QBFT-0","class":"QbftBesuControllerBuilder","message":"Imported #20 / 0 tx / 0 pending / 0 (0.0%) gas / (0xc5aa490e7ee74c283a123b8bf7045b71be185e838bb42c7f5d28230203da4b39)","throwable":""}
{"timestamp":"2023-05-10T18:09:55,028","container":"aff49b4bf705","level":"INFO","thread":"BftProcessorExecutor-QBFT-0","class":"QbftBesuControllerBuilder","message":"Imported #21 / 0 tx / 0 pending / 0 (0.0%) gas / (0xc0fb5630cf0845731f93aea860d85731b7cd68bb0e8fe906d0ccaa9597fa1282)","throwable":""}
{"timestamp":"2023-05-10T18:10:00,022","container":"aff49b4bf705","level":"INFO","thread":"BftProcessorExecutor-QBFT-0","class":"QbftBesuControllerBuilder","message":"Produced #22 / 0 tx / 0 pending / 0 (0.0%) gas / (0xfde4b13d35c3489cd21b657666660ba6d35cd08877352b8ad3a17a3f28dcb278)","throwable":""}
{"timestamp":"2023-05-10T18:10:05,025","container":"aff49b4bf705","level":"INFO","thread":"BftProcessorExecutor-QBFT-0","class":"QbftBesuControllerBuilder","message":"Imported #23 / 0 tx / 0 pending / 0 (0.0%) gas / (0x31630ab7ff3e77ec659c333c4afed224065fda4f2fd998d86b8bb1836f0f887e)","throwable":""}
{"timestamp":"2023-05-10T18:10:10,033","container":"aff49b4bf705","level":"INFO","thread":"BftProcessorExecutor-QBFT-0","class":"QbftBesuControllerBuilder","message":"Imported #24 / 0 tx / 0 pending / 0 (0.0%) gas / (0x2d947675247a4d3c312d5e4381d54781290df1dd882f3b8f3241e346c8bfefc1)","throwable":""}
{"timestamp":"2023-05-10T18:10:15,041","container":"aff49b4bf705","level":"INFO","thread":"EthScheduler-Workers-0","class":"PersistBlockTask","message":"Imported #25 / 0 tx / 0 om / 0 (0.0%) gas / (0x1fe55dd1f46586585eba6de58143c857e5f9c8357d6a83fe2554b8d5a3ea65ba) in 0.010s. Peers: 7","throwable":""}
{"timestamp":"2023-05-10T18:10:20,021","container":"aff49b4bf705","level":"INFO","thread":"BftProcessorExecutor-QBFT-0","class":"QbftBesuControllerBuilder","message":"Produced #26 / 0 tx / 0 pending / 0 (0.0%) gas / (0xaf9af26a3f8c3940ab69dcc8a4cb4838877817a2695ca5a4256f67306504617b)","throwable":""}
{"timestamp":"2023-05-10T18:10:25,021","container":"aff49b4bf705","level":"INFO","thread":"BftProcessorExecutor-QBFT-0","class":"QbftBesuControllerBuilder","message":"Imported #27 / 0 tx / 0 pending / 0 (0.0%) gas / (0xa5459c6438225274e715f0afe5e44142f13e851f19d38326cf98d7c2e75d39cd)","throwable":""}
{"timestamp":"2023-05-10T18:10:30,029","container":"aff49b4bf705","level":"INFO","thread":"BftProcessorExecutor-QBFT-0","class":"QbftBesuControllerBuilder","message":"Imported #28 / 0 tx / 0 pending / 0 (0.0%) gas / (0xbdfbf12037567d8ab7fa65864b5e29b81706c43e30441dc7302f0551583ced22)","throwable":""}
{"timestamp":"2023-05-10T18:10:35,024","container":"aff49b4bf705","level":"INFO","thread":"BftProcessorExecutor-QBFT-0","class":"QbftBesuControllerBuilder","message":"Imported #29 / 0 tx / 0 pending / 0 (0.0%) gas / (0xf46554240000569cce4c7271ce2eaf9ddeccbcf86fe72ae00aeb697512f19963)","throwable":""}
{"timestamp":"2023-05-10T18:10:40,023","container":"aff49b4bf705","level":"INFO","thread":"BftProcessorExecutor-QBFT-0","class":"QbftBesuControllerBuilder","message":"Produced #30 / 0 tx / 0 pending / 0 (0.0%) gas / (0xab79967d0a804fc001704d07bc0e3a414cbfd9c529f4a60af98bceaf9d2bf487)","throwable":""}
{"timestamp":"2023-05-10T18:10:45,032","container":"aff49b4bf705","level":"INFO","thread":"EthScheduler-Workers-0","class":"PersistBlockTask","message":"Imported #31 / 0 tx / 0 om / 0 (0.0%) gas / (0x89f427217b06e4afde255d17612f2db9d5b60c6966cda2085e71a59c50d63acb) in 0.002s. Peers: 7","throwable":""}
{"timestamp":"2023-05-10T18:10:50,018","container":"aff49b4bf705","level":"INFO","thread":"BftProcessorExecutor-QBFT-0","class":"QbftBesuControllerBuilder","message":"Imported #32 / 0 tx / 0 pending / 0 (0.0%) gas / (0xa3e5eb16aa23b8b60ed0c164772e080706bef74907e3eb83ede9d9b328fa6589)","throwable":""}
{"timestamp":"2023-05-10T18:10:55,019","container":"aff49b4bf705","level":"INFO","thread":"BftProcessorExecutor-QBFT-0","class":"QbftBesuControllerBuilder","message":"Imported #33 / 0 tx / 0 pending / 0 (0.0%) gas / (0x88afcdb03ecdccbc7ce6925109a1a42c2d837ae9f3313803595702a308a0e0f6)","throwable":""}
{"timestamp":"2023-05-10T18:11:00,023","container":"aff49b4bf705","level":"INFO","thread":"BftProcessorExecutor-QBFT-0","class":"QbftBesuControllerBuilder","message":"Produced #34 / 0 tx / 0 pending / 0 (0.0%) gas / (0xb4e567f97cc337dea6f3a71467d3489ff23a78e07ce8019d9f6056e8b074f9a6)","throwable":""}
{"timestamp":"2023-05-10T18:11:05,031","container":"aff49b4bf705","level":"INFO","thread":"BftProcessorExecutor-QBFT-0","class":"QbftBesuControllerBuilder","message":"Imported #35 / 0 tx / 0 pending / 0 (0.0%) gas / (0xa353dc19a652c23293116ae6eb7051a2b84dfd0903a23ee59339b3c7563632c4)","throwable":""}
{"timestamp":"2023-05-10T18:11:10,032","container":"aff49b4bf705","level":"INFO","thread":"BftProcessorExecutor-QBFT-0","class":"QbftBesuControllerBuilder","message":"Imported #36 / 0 tx / 0 pending / 0 (0.0%) gas / (0x93c62c7c545ac699bb6251d67a4bef9a060d829dbfdeb45cfb909b400fae6b64)","throwable":""}
{"timestamp":"2023-05-10T18:11:10,033","container":"aff49b4bf705","level":"INFO","thread":"EthScheduler-Workers-0","class":"PersistBlockTask","message":"Block 36 (0x93c62c7c545ac699bb6251d67a4bef9a060d829dbfdeb45cfb909b400fae6b64) is already imported","throwable":""}
{"timestamp":"2023-05-10T18:11:15,020","container":"aff49b4bf705","level":"INFO","thread":"BftProcessorExecutor-QBFT-0","class":"QbftBesuControllerBuilder","message":"Imported #37 / 0 tx / 0 pending / 0 (0.0%) gas / (0xe42e301ba1446eff94e5edb53201d8d1d2764d67ebe60d737f0a9c5e880599bd)","throwable":""}
{"timestamp":"2023-05-10T18:11:20,018","container":"aff49b4bf705","level":"INFO","thread":"BftProcessorExecutor-QBFT-0","class":"QbftBesuControllerBuilder","message":"Produced #38 / 0 tx / 0 pending / 0 (0.0%) gas / (0x38f84abc60983cc425dddaeed40568c65e07d685e64290962384325275ec8e0b)","throwable":""}
{"timestamp":"2023-05-10T18:11:25,018","container":"aff49b4bf705","level":"INFO","thread":"BftProcessorExecutor-QBFT-0","class":"QbftBesuControllerBuilder","message":"Imported #39 / 0 tx / 0 pending / 0 (0.0%) gas / (0xe1127a1aff5ce345c612b2414c6dc68f9ba8a237c358745c62fba29a0bddd6a8)","throwable":""}
{"timestamp":"2023-05-10T18:11:30,021","container":"aff49b4bf705","level":"INFO","thread":"BftProcessorExecutor-QBFT-0","class":"QbftBesuControllerBuilder","message":"Imported #40 / 0 tx / 0 pending / 0 (0.0%) gas / (0xcc199942dcf0559019c416816dee2654365b8e4f3a5c480490347c7b294661a2)","throwable":""}
{"timestamp":"2023-05-10T18:11:35,022","container":"aff49b4bf705","level":"INFO","thread":"EthScheduler-Workers-0","class":"PersistBlockTask","message":"Imported #41 / 0 tx / 0 om / 0 (0.0%) gas / (0xef7bc6fe645154ce42184440fb782604149b07050ae4bf5089b4c295bdfd88e8) in 0.002s. Peers: 7","throwable":""}
{"timestamp":"2023-05-10T18:11:35,023","container":"aff49b4bf705","level":"INFO","thread":"BftProcessorExecutor-QBFT-0","class":"QbftBesuControllerBuilder","message":"Imported #41 / 0 tx / 0 pending / 0 (0.0%) gas / (0xef7bc6fe645154ce42184440fb782604149b07050ae4bf5089b4c295bdfd88e8)","throwable":""}
{"timestamp":"2023-05-10T18:11:40,021","container":"aff49b4bf705","level":"INFO","thread":"EthScheduler-Workers-0","class":"PersistBlockTask","message":"Block 42 (0x9b9e4e1b06902c040d09f2300a9e4dacbf2791dba7bbe716ce5298453d317e0a) is already imported","throwable":""}
{"timestamp":"2023-05-10T18:11:40,022","container":"aff49b4bf705","level":"INFO","thread":"BftProcessorExecutor-QBFT-0","class":"QbftBesuControllerBuilder","message":"Produced #42 / 0 tx / 0 pending / 0 (0.0%) gas / (0x9b9e4e1b06902c040d09f2300a9e4dacbf2791dba7bbe716ce5298453d317e0a)","throwable":""}
{"timestamp":"2023-05-10T18:11:45,063","container":"aff49b4bf705","level":"INFO","thread":"BftProcessorExecutor-QBFT-0","class":"QbftBesuControllerBuilder","message":"Imported #43 / 1 tx / 0 pending / 23,176 (0.1%) gas / (0x92829e84f084a2d6d10e2373f220f6c51a258a0c4c683119c2aee505eef61d26)","throwable":""}
{"timestamp":"2023-05-10T18:11:50,017","container":"aff49b4bf705","level":"INFO","thread":"BftProcessorExecutor-QBFT-0","class":"QbftBesuControllerBuilder","message":"Imported #44 / 0 tx / 0 pending / 0 (0.0%) gas / (0xa72967048f24652dd48b45ae7df2c563aee72e5a19467d41922118de50e3a78f)","throwable":""}
{"timestamp":"2023-05-10T18:11:50,032","container":"aff49b4bf705","level":"INFO","thread":"EthScheduler-Workers-0","class":"PersistBlockTask","message":"Block 44 (0xa72967048f24652dd48b45ae7df2c563aee72e5a19467d41922118de50e3a78f) is already imported","throwable":""}
{"timestamp":"2023-05-10T18:11:55,017","container":"aff49b4bf705","level":"INFO","thread":"BftProcessorExecutor-QBFT-0","class":"QbftBesuControllerBuilder","message":"Imported #45 / 0 tx / 0 pending / 0 (0.0%) gas / (0xc1fe8035c4f44a42b7d1feee8076643668e37ceb9ce2b12cbe5f2105df76232a)","throwable":""}
{"timestamp":"2023-05-10T18:12:00,020","container":"aff49b4bf705","level":"INFO","thread":"BftProcessorExecutor-QBFT-0","class":"QbftBesuControllerBuilder","message":"Produced #46 / 0 tx / 0 pending / 0 (0.0%) gas / (0xdb06bded19ec415ac7d9626dbf726fb364d187308e1610be3927609c96af7192)","throwable":""}
{"timestamp":"2023-05-10T18:12:05,023","container":"aff49b4bf705","level":"INFO","thread":"BftProcessorExecutor-QBFT-0","class":"QbftBesuControllerBuilder","message":"Imported #47 / 0 tx / 0 pending / 0 (0.0%) gas / (0x88cf446b26c8d0e63fcba253fe5ac624e4090ecc00fe55e1e3be550756f4cda9)","throwable":""}
{"timestamp":"2023-05-10T18:12:10,028","container":"aff49b4bf705","level":"INFO","thread":"BftProcessorExecutor-QBFT-0","class":"QbftBesuControllerBuilder","message":"Imported #48 / 1 tx / 0 pending / 23,176 (0.1%) gas / (0x2dba283894bda0976dc482d3940ff556f525e1056fba7a1c3a68a050c51c26a2)","throwable":""}
{"timestamp":"2023-05-10T18:12:15,044","container":"aff49b4bf705","level":"INFO","thread":"EthScheduler-Workers-0","class":"PersistBlockTask","message":"Block 49 (0xe41436ddb2d252e9d3df60797083a4ada4e4b0436ad0ffbcd86145164c6671a3) is already imported","throwable":""}
{"timestamp":"2023-05-10T18:12:15,046","container":"aff49b4bf705","level":"INFO","thread":"BftProcessorExecutor-QBFT-0","class":"QbftBesuControllerBuilder","message":"Imported #49 / 1 tx / 0 pending / 23,176 (0.1%) gas / (0xe41436ddb2d252e9d3df60797083a4ada4e4b0436ad0ffbcd86145164c6671a3)","throwable":""}
{"timestamp":"2023-05-10T18:12:20,032","container":"aff49b4bf705","level":"INFO","thread":"BftProcessorExecutor-QBFT-0","class":"QbftBesuControllerBuilder","message":"Produced #50 / 0 tx / 0 pending / 0 (0.0%) gas / (0x54038f1ab1de444bacea358e59e966cf6059f121fda5e9e66240bff6b72a0d29)","throwable":""}
{"timestamp":"2023-05-10T18:12:25,022","container":"aff49b4bf705","level":"INFO","thread":"EthScheduler-Workers-0","class":"PersistBlockTask","message":"Block 51 (0x185642c916e052edb45c35768044ce30d9d00dff8dbdddcec978f0eee23b547b) is already imported","throwable":""}
{"timestamp":"2023-05-10T18:12:25,022","container":"aff49b4bf705","level":"INFO","thread":"BftProcessorExecutor-QBFT-0","class":"QbftBesuControllerBuilder","message":"Imported #51 / 0 tx / 0 pending / 0 (0.0%) gas / (0x185642c916e052edb45c35768044ce30d9d00dff8dbdddcec978f0eee23b547b)","throwable":""}
{"timestamp":"2023-05-10T18:12:30,023","container":"aff49b4bf705","level":"INFO","thread":"BftProcessorExecutor-QBFT-0","class":"QbftBesuControllerBuilder","message":"Imported #52 / 0 tx / 0 pending / 0 (0.0%) gas / (0x0c628fae6a1f875d4f11983c304e3d7cf968c4373e4db968297930631f368324)","throwable":""}
{"timestamp":"2023-05-10T18:12:35,033","container":"aff49b4bf705","level":"INFO","thread":"BftProcessorExecutor-QBFT-0","class":"QbftBesuControllerBuilder","message":"Imported #53 / 0 tx / 0 pending / 0 (0.0%) gas / (0xf9bae46988d33a411a794f89c77579bd193481b507d84524b86604bfd534da5a)","throwable":""}
{"timestamp":"2023-05-10T18:12:40,031","container":"aff49b4bf705","level":"INFO","thread":"BftProcessorExecutor-QBFT-0","class":"QbftBesuControllerBuilder","message":"Produced #54 / 1 tx / 0 pending / 23,176 (0.1%) gas / (0x47986ab7a24f440f1039938255aaca48e7827f92d5817a4707038f9fdd9b1629)","throwable":""}
{"timestamp":"2023-05-10T18:12:45,030","container":"aff49b4bf705","level":"INFO","thread":"BftProcessorExecutor-QBFT-0","class":"QbftBesuControllerBuilder","message":"Imported #55 / 1 tx / 0 pending / 23,176 (0.1%) gas / (0x7d8032aef603d3c2fddf63e2bd2bbc7c077f23d99c825d445bb799b5039a5c84)","throwable":""}
{"timestamp":"2023-05-10T18:12:50,037","container":"aff49b4bf705","level":"INFO","thread":"BftProcessorExecutor-QBFT-0","class":"QbftBesuControllerBuilder","message":"Imported #56 / 1 tx / 0 pending / 23,176 (0.1%) gas / (0xa538e20258a77e6152eb7bc36ae0aa226425181cd36f4bfd81bb5384e1344c11)","throwable":""}
{"timestamp":"2023-05-10T18:12:55,026","container":"aff49b4bf705","level":"INFO","thread":"BftProcessorExecutor-QBFT-0","class":"QbftBesuControllerBuilder","message":"Imported #57 / 0 tx / 0 pending / 0 (0.0%) gas / (0x55d0db372fb823049101534f788808275245c9cc6d22d943c7d5c26d2c55e032)","throwable":""}
{"timestamp":"2023-05-10T18:13:00,019","container":"aff49b4bf705","level":"INFO","thread":"BftProcessorExecutor-QBFT-0","class":"QbftBesuControllerBuilder","message":"Produced #58 / 0 tx / 0 pending / 0 (0.0%) gas / (0xcd040c46d35c667fa8b76a75c3be618fcb1fb7368e718075785eaa9f16edb03d)","throwable":""}
{"timestamp":"2023-05-10T18:13:05,021","container":"aff49b4bf705","level":"INFO","thread":"BftProcessorExecutor-QBFT-0","class":"QbftBesuControllerBuilder","message":"Imported #59 / 0 tx / 0 pending / 0 (0.0%) gas / (0x45ebc2911eaa7a462b5cacbda9fdf8fe1fd12a70347d146274029bee815b197a)","throwable":""}
{"timestamp":"2023-05-10T18:13:10,019","container":"aff49b4bf705","level":"INFO","thread":"BftProcessorExecutor-QBFT-0","class":"QbftBesuControllerBuilder","message":"Imported #60 / 0 tx / 0 pending / 0 (0.0%) gas / (0x4ffef7ef50d147447797a551a0b1ac8f95b2a06daeeba559c4104089f1267a1f)","throwable":""}
{"timestamp":"2023-05-10T18:13:15,022","container":"aff49b4bf705","level":"INFO","thread":"BftProcessorExecutor-QBFT-0","class":"QbftBesuControllerBuilder","message":"Imported #61 / 0 tx / 0 pending / 0 (0.0%) gas / (0xd40c7b34de2edf25968fea27ac7843c94e0988976ab87dcf1d40030aea6e0b7a)","throwable":""}
{"timestamp":"2023-05-10T18:13:20,019","container":"aff49b4bf705","level":"INFO","thread":"BftProcessorExecutor-QBFT-0","class":"QbftBesuControllerBuilder","message":"Produced #62 / 0 tx / 0 pending / 0 (0.0%) gas / (0x574a895514e42c4d8cfd43d58fa1d2fbed1e78246eae1b715dcd3603b4caf509)","throwable":""}
{"timestamp":"2023-05-10T18:13:25,019","container":"aff49b4bf705","level":"INFO","thread":"BftProcessorExecutor-QBFT-0","class":"QbftBesuControllerBuilder","message":"Imported #63 / 0 tx / 0 pending / 0 (0.0%) gas / (0x36a686513f0f65e382320b9ac4c3c32773baf1c5a340b506b8b1ab72df537b8c)","throwable":""}
{"timestamp":"2023-05-10T18:13:30,016","container":"aff49b4bf705","level":"INFO","thread":"BftProcessorExecutor-QBFT-0","class":"QbftBesuControllerBuilder","message":"Imported #64 / 0 tx / 0 pending / 0 (0.0%) gas / (0xa982130f6e9dc8d6c98213a57e3b92b897477c592a03feb8a4f2917919c5c5ca)","throwable":""}
{"timestamp":"2023-05-10T18:13:35,020","container":"aff49b4bf705","level":"INFO","thread":"BftProcessorExecutor-QBFT-0","class":"QbftBesuControllerBuilder","message":"Imported #65 / 0 tx / 0 pending / 0 (0.0%) gas / (0x1992ed83ec3186b910bf562afa4022d031b36570d697334ba4d3b3f25234d4f9)","throwable":""}
{"timestamp":"2023-05-10T18:13:40,016","container":"aff49b4bf705","level":"INFO","thread":"BftProcessorExecutor-QBFT-0","class":"QbftBesuControllerBuilder","message":"Produced #66 / 0 tx / 0 pending / 0 (0.0%) gas / (0x9851f8ac214d2a9c4c21f06c72839679780f081e68f4ca24842febab95a8fcba)","throwable":""}
{"timestamp":"2023-05-10T18:13:45,031","container":"aff49b4bf705","level":"INFO","thread":"BftProcessorExecutor-QBFT-0","class":"QbftBesuControllerBuilder","message":"Imported #67 / 0 tx / 0 pending / 0 (0.0%) gas / (0xde969dd93f46fc853da5e1b9b5191ae4f6f91a887f8a572307bd2c48a45842cc)","throwable":""}
{"timestamp":"2023-05-10T18:13:45,034","container":"aff49b4bf705","level":"INFO","thread":"EthScheduler-Workers-0","class":"PersistBlockTask","message":"Block 67 (0xde969dd93f46fc853da5e1b9b5191ae4f6f91a887f8a572307bd2c48a45842cc) is already imported","throwable":""}
{"timestamp":"2023-05-10T18:13:50,023","container":"aff49b4bf705","level":"INFO","thread":"BftProcessorExecutor-QBFT-0","class":"QbftBesuControllerBuilder","message":"Imported #68 / 0 tx / 0 pending / 0 (0.0%) gas / (0x1ebcdd425153f285a6ffee35ec376656fbff54f0e22fde5c67aac2f7665987ef)","throwable":""}
{"timestamp":"2023-05-10T18:13:55,023","container":"aff49b4bf705","level":"INFO","thread":"EthScheduler-Workers-0","class":"PersistBlockTask","message":"Block 69 (0xb0f425316bf5936efbfc1ec0c5e618cc77ed72234cee99f294473b4799ab46bb) is already imported","throwable":""}
{"timestamp":"2023-05-10T18:13:55,023","container":"aff49b4bf705","level":"INFO","thread":"BftProcessorExecutor-QBFT-0","class":"QbftBesuControllerBuilder","message":"Imported #69 / 0 tx / 0 pending / 0 (0.0%) gas / (0xb0f425316bf5936efbfc1ec0c5e618cc77ed72234cee99f294473b4799ab46bb)","throwable":""}
{"timestamp":"2023-05-10T18:14:00,031","container":"aff49b4bf705","level":"INFO","thread":"BftProcessorExecutor-QBFT-0","class":"QbftBesuControllerBuilder","message":"Produced #70 / 0 tx / 0 pending / 0 (0.0%) gas / (0x86d4d84ca33650d4c170939823a910eabc3773792eeea98ffabfa2f39bf28a75)","throwable":""}
{"timestamp":"2023-05-10T18:14:00,033","container":"aff49b4bf705","level":"INFO","thread":"EthScheduler-Workers-0","class":"PersistBlockTask","message":"Block 70 (0x86d4d84ca33650d4c170939823a910eabc3773792eeea98ffabfa2f39bf28a75) is already imported","throwable":""}
{"timestamp":"2023-05-10T18:14:05,017","container":"aff49b4bf705","level":"INFO","thread":"BftProcessorExecutor-QBFT-0","class":"QbftBesuControllerBuilder","message":"Imported #71 / 0 tx / 0 pending / 0 (0.0%) gas / (0x89d1772ca672567b6678cc68658dbce7cd397020a4d1a34ab66835e0d9b80733)","throwable":""}
{"timestamp":"2023-05-10T18:14:10,019","container":"aff49b4bf705","level":"INFO","thread":"BftProcessorExecutor-QBFT-0","class":"QbftBesuControllerBuilder","message":"Imported #72 / 0 tx / 0 pending / 0 (0.0%) gas / (0x857b887199b2a91d0ef06a45810d84584690c2b5e6eb4563ab5b54be5b24bbc0)","throwable":""}
{"timestamp":"2023-05-10T18:14:15,022","container":"aff49b4bf705","level":"INFO","thread":"BftProcessorExecutor-QBFT-0","class":"QbftBesuControllerBuilder","message":"Imported #73 / 0 tx / 0 pending / 0 (0.0%) gas / (0xf05e8b5ad265e89c3ee7f51b6ae455eded99e6f3b7a758620120264cfd135c7c)","throwable":""}
{"timestamp":"2023-05-10T18:14:20,014","container":"aff49b4bf705","level":"INFO","thread":"BftProcessorExecutor-QBFT-0","class":"QbftBesuControllerBuilder","message":"Produced #74 / 0 tx / 0 pending / 0 (0.0%) gas / (0xbeea81e64949777f3a0ec5672a80efecfaa623360b284712539d2f7b7017d287)","throwable":""}
{"timestamp":"2023-05-10T18:14:25,019","container":"aff49b4bf705","level":"INFO","thread":"BftProcessorExecutor-QBFT-0","class":"QbftBesuControllerBuilder","message":"Imported #75 / 0 tx / 0 pending / 0 (0.0%) gas / (0xc0aae50404d50b5230aefb2ee8eccaa3de2efaf899963f21cde4c3f8172c2034)","throwable":""}
{"timestamp":"2023-05-10T18:14:30,017","container":"aff49b4bf705","level":"INFO","thread":"BftProcessorExecutor-QBFT-0","class":"QbftBesuControllerBuilder","message":"Imported #76 / 0 tx / 0 pending / 0 (0.0%) gas / (0x53ee80d0d26ef60a0177b8b7f77483f66847109cce912bc7ec1002ed073f1460)","throwable":""}
{"timestamp":"2023-05-10T18:14:35,016","container":"aff49b4bf705","level":"INFO","thread":"BftProcessorExecutor-QBFT-0","class":"QbftBesuControllerBuilder","message":"Imported #77 / 0 tx / 0 pending / 0 (0.0%) gas / (0xda3660c0dbf2fb9fd945065ef905ba8292d93dcb90e1e3c4a8ae616dc590ab55)","throwable":""}
{"timestamp":"2023-05-10T18:14:40,014","container":"aff49b4bf705","level":"INFO","thread":"BftProcessorExecutor-QBFT-0","class":"QbftBesuControllerBuilder","message":"Produced #78 / 0 tx / 0 pending / 0 (0.0%) gas / (0x3a47dbb567a24b620147a2f1ff9b53b1a2e6893d397afa6e397789789de00690)","throwable":""}
{"timestamp":"2023-05-10T18:14:45,019","container":"aff49b4bf705","level":"INFO","thread":"BftProcessorExecutor-QBFT-0","class":"QbftBesuControllerBuilder","message":"Imported #79 / 0 tx / 0 pending / 0 (0.0%) gas / (0x1f50b53d5352102cb49885f2be83bd1cc5a62e8b9c982534578ea00ad651cb30)","throwable":""}
{"timestamp":"2023-05-10T18:14:50,016","container":"aff49b4bf705","level":"INFO","thread":"BftProcessorExecutor-QBFT-0","class":"QbftBesuControllerBuilder","message":"Imported #80 / 0 tx / 0 pending / 0 (0.0%) gas / (0x1fd9d2445b69cf359a467d68e6d1c6fad58b64316b2528ba0e9bdf874ef760d1)","throwable":""}
{"timestamp":"2023-05-10T18:14:55,028","container":"aff49b4bf705","level":"INFO","thread":"EthScheduler-Workers-0","class":"PersistBlockTask","message":"Block 81 (0x11324e46c4d9630349cd5cfddf84667a913c55bd63065eb23d1de11f1d2001b1) is already imported","throwable":""}
{"timestamp":"2023-05-10T18:14:55,028","container":"aff49b4bf705","level":"INFO","thread":"BftProcessorExecutor-QBFT-0","class":"QbftBesuControllerBuilder","message":"Imported #81 / 0 tx / 0 pending / 0 (0.0%) gas / (0x11324e46c4d9630349cd5cfddf84667a913c55bd63065eb23d1de11f1d2001b1)","throwable":""}
{"timestamp":"2023-05-10T18:15:00,017","container":"aff49b4bf705","level":"INFO","thread":"BftProcessorExecutor-QBFT-0","class":"QbftBesuControllerBuilder","message":"Produced #82 / 0 tx / 0 pending / 0 (0.0%) gas / (0xeba0458a694a65f4d4b5607f20720badc43483e7e1d3404be4e5bd1948b65404)","throwable":""}
{"timestamp":"2023-05-10T18:15:05,017","container":"aff49b4bf705","level":"INFO","thread":"BftProcessorExecutor-QBFT-0","class":"QbftBesuControllerBuilder","message":"Imported #83 / 0 tx / 0 pending / 0 (0.0%) gas / (0xf2597d3be9c202418a65a92f197d9c2c9cf75c006a31b1abfd6ce5096472d5cd)","throwable":""}
{"timestamp":"2023-05-10T18:15:10,019","container":"aff49b4bf705","level":"INFO","thread":"BftProcessorExecutor-QBFT-0","class":"QbftBesuControllerBuilder","message":"Imported #84 / 0 tx / 0 pending / 0 (0.0%) gas / (0xb0f75503aea74d26cef12a19b7e5af187e7524e2c203dfeeeaf05e3d866828d2)","throwable":""}
{"timestamp":"2023-05-10T18:15:15,022","container":"aff49b4bf705","level":"INFO","thread":"BftProcessorExecutor-QBFT-0","class":"QbftBesuControllerBuilder","message":"Imported #85 / 0 tx / 0 pending / 0 (0.0%) gas / (0xed0d8f2c09999d56a02430da6ef1f6180e73d96e1685c2e9fe4441f6e9fa299f)","throwable":""}
{"timestamp":"2023-05-10T18:15:20,022","container":"aff49b4bf705","level":"INFO","thread":"EthScheduler-Workers-0","class":"PersistBlockTask","message":"Block 86 (0xac4006bfe0374f48672da919e30a2ea107e49de4de1856cb00c7dcbb7dcb445a) is already imported","throwable":""}
{"timestamp":"2023-05-10T18:15:20,022","container":"aff49b4bf705","level":"INFO","thread":"BftProcessorExecutor-QBFT-0","class":"QbftBesuControllerBuilder","message":"Produced #86 / 0 tx / 0 pending / 0 (0.0%) gas / (0xac4006bfe0374f48672da919e30a2ea107e49de4de1856cb00c7dcbb7dcb445a)","throwable":""}
{"timestamp":"2023-05-10T18:15:25,017","container":"aff49b4bf705","level":"INFO","thread":"BftProcessorExecutor-QBFT-0","class":"QbftBesuControllerBuilder","message":"Imported #87 / 0 tx / 0 pending / 0 (0.0%) gas / (0xce9c5381d2513e273ec7f6ca5b2dcb23dcab64a70632e66cf20bd5abd0b5e190)","throwable":""}
{"timestamp":"2023-05-10T18:15:30,022","container":"aff49b4bf705","level":"INFO","thread":"BftProcessorExecutor-QBFT-0","class":"QbftBesuControllerBuilder","message":"Imported #88 / 0 tx / 0 pending / 0 (0.0%) gas / (0xd93fb4ceb888f7a44a71c418bd25cec8198f1e7d3f8a12669bd34971d6a4a330)","throwable":""}
{"timestamp":"2023-05-10T18:15:35,022","container":"aff49b4bf705","level":"INFO","thread":"BftProcessorExecutor-QBFT-0","class":"QbftBesuControllerBuilder","message":"Imported #89 / 0 tx / 0 pending / 0 (0.0%) gas / (0x61ba9a5fa962d7d46925940045edf5f2905dc705757103d9f1e6b9a5a43ac37f)","throwable":""}
{"timestamp":"2023-05-10T18:15:40,026","container":"aff49b4bf705","level":"INFO","thread":"EthScheduler-Workers-0","class":"PersistBlockTask","message":"Imported #90 / 0 tx / 0 om / 0 (0.0%) gas / (0x2aff884bdbcdc3263a3a0e91d06a95e2adad577a2c6dddfedea97c1ec7cf6bbe) in 0.004s. Peers: 7","throwable":""}
{"timestamp":"2023-05-10T18:15:45,021","container":"aff49b4bf705","level":"INFO","thread":"BftProcessorExecutor-QBFT-0","class":"QbftBesuControllerBuilder","message":"Imported #91 / 0 tx / 0 pending / 0 (0.0%) gas / (0x5ca981d79ccd9183b3bdf75c4df1030bfa8ae1e0a286c549e7ae272f05dcb226)","throwable":""}
{"timestamp":"2023-05-10T18:15:50,014","container":"aff49b4bf705","level":"INFO","thread":"BftProcessorExecutor-QBFT-0","class":"QbftBesuControllerBuilder","message":"Imported #92 / 0 tx / 0 pending / 0 (0.0%) gas / (0xd7300f781cab4cdf7f4a7af0af76a5d4a402eadf9e96a248f58383a238cc1267)","throwable":""}
{"timestamp":"2023-05-10T18:15:55,016","container":"aff49b4bf705","level":"INFO","thread":"BftProcessorExecutor-QBFT-0","class":"QbftBesuControllerBuilder","message":"Imported #93 / 0 tx / 0 pending / 0 (0.0%) gas / (0x015ca10ea3870711691be78fded688f9d996605d9de821a593a9a11cd444d61e)","throwable":""}
{"timestamp":"2023-05-10T18:16:00,014","container":"aff49b4bf705","level":"INFO","thread":"BftProcessorExecutor-QBFT-0","class":"QbftBesuControllerBuilder","message":"Produced #94 / 0 tx / 0 pending / 0 (0.0%) gas / (0xd5e27fc8c9ff91ce5ead7a5d0adf3983aa90f1a79530b6503415de5d327fb0ab)","throwable":""}
{"timestamp":"2023-05-10T18:16:05,015","container":"aff49b4bf705","level":"INFO","thread":"BftProcessorExecutor-QBFT-0","class":"QbftBesuControllerBuilder","message":"Imported #95 / 0 tx / 0 pending / 0 (0.0%) gas / (0x8b1d49a3ddc659f070b0948672e35197c4f39d46db83a41dc45a599bf6158e58)","throwable":""}
{"timestamp":"2023-05-10T18:16:10,017","container":"aff49b4bf705","level":"INFO","thread":"BftProcessorExecutor-QBFT-0","class":"QbftBesuControllerBuilder","message":"Imported #96 / 0 tx / 0 pending / 0 (0.0%) gas / (0xec68552f999862704064bd4d60b02cb01446ecc60f4594135eabb90d31e582e5)","throwable":""}
{"timestamp":"2023-05-10T18:16:15,013","container":"aff49b4bf705","level":"INFO","thread":"BftProcessorExecutor-QBFT-0","class":"QbftBesuControllerBuilder","message":"Imported #97 / 0 tx / 0 pending / 0 (0.0%) gas / (0xf89260b0f164f7329355b932328259b104412ac3ede320908a87061010b8d749)","throwable":""}
{"timestamp":"2023-05-10T18:16:20,020","container":"aff49b4bf705","level":"INFO","thread":"BftProcessorExecutor-QBFT-0","class":"QbftBesuControllerBuilder","message":"Produced #98 / 0 tx / 0 pending / 0 (0.0%) gas / (0x3722455a00f5870f8f72b3b5194e6d11b10ee88e277021cc92e09d3d212b2dbf)","throwable":""}
{"timestamp":"2023-05-10T18:16:25,014","container":"aff49b4bf705","level":"INFO","thread":"BftProcessorExecutor-QBFT-0","class":"QbftBesuControllerBuilder","message":"Imported #99 / 0 tx / 0 pending / 0 (0.0%) gas / (0xd842bc18a5fd39ed91a08a48e6cd804374d6cba4b5bb01fd450260e811f5ac29)","throwable":""}
{"timestamp":"2023-05-10T18:16:30,024","container":"aff49b4bf705","level":"INFO","thread":"BftProcessorExecutor-QBFT-0","class":"QbftBesuControllerBuilder","message":"Imported #100 / 0 tx / 0 pending / 0 (0.0%) gas / (0x6982d0a84ac14665cef62b87d461df66d635bd09f25e7bdf8a8a2a56060822cd)","throwable":""}
{"timestamp":"2023-05-10T18:16:35,026","container":"aff49b4bf705","level":"INFO","thread":"BftProcessorExecutor-QBFT-0","class":"QbftBesuControllerBuilder","message":"Imported #101 / 0 tx / 0 pending / 0 (0.0%) gas / (0xf47a54b59dbabb71ce06037d345baff772938c2795c178b5e7287577af4ad79d)","throwable":""}
{"timestamp":"2023-05-10T18:16:35,032","container":"aff49b4bf705","level":"INFO","thread":"EthScheduler-Workers-0","class":"PersistBlockTask","message":"Block 101 (0xf47a54b59dbabb71ce06037d345baff772938c2795c178b5e7287577af4ad79d) is already imported","throwable":""}
{"timestamp":"2023-05-10T18:16:40,042","container":"aff49b4bf705","level":"INFO","thread":"BftProcessorExecutor-QBFT-0","class":"QbftBesuControllerBuilder","message":"Produced #102 / 0 tx / 0 pending / 0 (0.0%) gas / (0xe74081d5677fcbef778a2a51bacf1bbd9a02087f55e8d17f422f22962402f39b)","throwable":""}
{"timestamp":"2023-05-10T18:16:45,014","container":"aff49b4bf705","level":"INFO","thread":"BftProcessorExecutor-QBFT-0","class":"QbftBesuControllerBuilder","message":"Imported #103 / 0 tx / 0 pending / 0 (0.0%) gas / (0x50db3f7b4a3a85051bb446b140462b2f0da00adca35c1b3191f07987b4eeb560)","throwable":""}
{"timestamp":"2023-05-10T18:16:50,016","container":"aff49b4bf705","level":"INFO","thread":"BftProcessorExecutor-QBFT-0","class":"QbftBesuControllerBuilder","message":"Imported #104 / 0 tx / 0 pending / 0 (0.0%) gas / (0x6002bc61b87c5d88e7f793ced6fcb3f9ed98ba9d474b4aa3838377d8d9bd31e0)","throwable":""}
{"timestamp":"2023-05-10T18:16:55,026","container":"aff49b4bf705","level":"INFO","thread":"EthScheduler-Workers-0","class":"PersistBlockTask","message":"Block 105 (0x74f7f546d91c9f1c7c9a4749847355bd5aa41627028b3e0c2d3bbb8df4746144) is already imported","throwable":""}
{"timestamp":"2023-05-10T18:16:55,026","container":"aff49b4bf705","level":"INFO","thread":"BftProcessorExecutor-QBFT-0","class":"QbftBesuControllerBuilder","message":"Imported #105 / 0 tx / 0 pending / 0 (0.0%) gas / (0x74f7f546d91c9f1c7c9a4749847355bd5aa41627028b3e0c2d3bbb8df4746144)","throwable":""}
{"timestamp":"2023-05-10T18:17:00,013","container":"aff49b4bf705","level":"INFO","thread":"BftProcessorExecutor-QBFT-0","class":"QbftBesuControllerBuilder","message":"Produced #106 / 0 tx / 0 pending / 0 (0.0%) gas / (0x584b87162269fae0a32dbe2af0debdd317fac561f58cafda6bc02458f17fe2de)","throwable":""}
{"timestamp":"2023-05-10T18:17:05,018","container":"aff49b4bf705","level":"INFO","thread":"BftProcessorExecutor-QBFT-0","class":"QbftBesuControllerBuilder","message":"Imported #107 / 0 tx / 0 pending / 0 (0.0%) gas / (0x1da1906d3ddfd4274cc01675bf1070ad26a66d47f2cadf6469f630b76767a315)","throwable":""}
{"timestamp":"2023-05-10T18:17:10,020","container":"aff49b4bf705","level":"INFO","thread":"BftProcessorExecutor-QBFT-0","class":"QbftBesuControllerBuilder","message":"Imported #108 / 0 tx / 0 pending / 0 (0.0%) gas / (0xd03d0b393613c19ae6d33efddda1a7eeecadffe4357d4b3175f5cc13c616adb9)","throwable":""}
{"timestamp":"2023-05-10T18:17:15,018","container":"aff49b4bf705","level":"INFO","thread":"BftProcessorExecutor-QBFT-0","class":"QbftBesuControllerBuilder","message":"Imported #109 / 0 tx / 0 pending / 0 (0.0%) gas / (0x8be1158ac776541e989dbc2bad639b72902343238219f0f6cf24ed4afab88090)","throwable":""}
{"timestamp":"2023-05-10T18:17:20,018","container":"aff49b4bf705","level":"INFO","thread":"BftProcessorExecutor-QBFT-0","class":"QbftBesuControllerBuilder","message":"Produced #110 / 0 tx / 0 pending / 0 (0.0%) gas / (0xd60bb602c307a51517658c4c8d054c55e5c8cf08b920746d34f98b230a7f9242)","throwable":""}
{"timestamp":"2023-05-10T18:17:25,015","container":"aff49b4bf705","level":"INFO","thread":"BftProcessorExecutor-QBFT-0","class":"QbftBesuControllerBuilder","message":"Imported #111 / 0 tx / 0 pending / 0 (0.0%) gas / (0x71bbd0de02e63e99635ffe7dd7b1aa9b4e6a3ce8223860510ada0511c174d002)","throwable":""}
{"timestamp":"2023-05-10T18:17:30,016","container":"aff49b4bf705","level":"INFO","thread":"BftProcessorExecutor-QBFT-0","class":"QbftBesuControllerBuilder","message":"Imported #112 / 0 tx / 0 pending / 0 (0.0%) gas / (0xda7b449d1ac0f21bdc5f3f2ccc4a7d6618f8ed68825f6a6244de42c687419bc2)","throwable":""}
{"timestamp":"2023-05-10T18:17:35,015","container":"aff49b4bf705","level":"INFO","thread":"BftProcessorExecutor-QBFT-0","class":"QbftBesuControllerBuilder","message":"Imported #113 / 0 tx / 0 pending / 0 (0.0%) gas / (0x3b352cb4169f0dfa6063036d083c6262d91bd669605438d73463d454414b4225)","throwable":""}
{"timestamp":"2023-05-10T18:17:40,018","container":"aff49b4bf705","level":"INFO","thread":"BftProcessorExecutor-QBFT-0","class":"QbftBesuControllerBuilder","message":"Produced #114 / 0 tx / 0 pending / 0 (0.0%) gas / (0x9d4a1a090ef05ae7951e8c7443a0eec14955db119a7bcd74b33f64520b30ceac)","throwable":""}
{"timestamp":"2023-05-10T18:17:45,019","container":"aff49b4bf705","level":"INFO","thread":"EthScheduler-Workers-0","class":"PersistBlockTask","message":"Block 115 (0x304eebd658be8f33592321d67d3532e9c32c7e24443e86dd311a41cdf8a7e280) is already imported","throwable":""}
{"timestamp":"2023-05-10T18:17:45,019","container":"aff49b4bf705","level":"INFO","thread":"BftProcessorExecutor-QBFT-0","class":"QbftBesuControllerBuilder","message":"Imported #115 / 0 tx / 0 pending / 0 (0.0%) gas / (0x304eebd658be8f33592321d67d3532e9c32c7e24443e86dd311a41cdf8a7e280)","throwable":""}
{"timestamp":"2023-05-10T18:17:50,015","container":"aff49b4bf705","level":"INFO","thread":"BftProcessorExecutor-QBFT-0","class":"QbftBesuControllerBuilder","message":"Imported #116 / 0 tx / 0 pending / 0 (0.0%) gas / (0x4470922f99b74e9105e0c72897311f1d7b04c449db21a1b3860850db9a0106d8)","throwable":""}
{"timestamp":"2023-05-10T18:17:55,015","container":"aff49b4bf705","level":"INFO","thread":"BftProcessorExecutor-QBFT-0","class":"QbftBesuControllerBuilder","message":"Imported #117 / 0 tx / 0 pending / 0 (0.0%) gas / (0x66d8890e96d66b90b1deb13554cf07af584651553d5f9e584d2935066631f391)","throwable":""}
{"timestamp":"2023-05-10T18:18:00,020","container":"aff49b4bf705","level":"INFO","thread":"BftProcessorExecutor-QBFT-0","class":"QbftBesuControllerBuilder","message":"Produced #118 / 0 tx / 0 pending / 0 (0.0%) gas / (0x59f3a8971e817f390cd3c249325b335e5602d06852ecf4dfeebae4d04cf3abaf)","throwable":""}
{"timestamp":"2023-05-10T18:18:05,019","container":"aff49b4bf705","level":"INFO","thread":"BftProcessorExecutor-QBFT-0","class":"QbftBesuControllerBuilder","message":"Imported #119 / 0 tx / 0 pending / 0 (0.0%) gas / (0x575f12f4b7f42aec4cefbf7b42e0de0326268870dcbd23b1a35cdb7c7cf83e1f)","throwable":""}
{"timestamp":"2023-05-10T18:18:10,017","container":"aff49b4bf705","level":"INFO","thread":"BftProcessorExecutor-QBFT-0","class":"QbftBesuControllerBuilder","message":"Imported #120 / 0 tx / 0 pending / 0 (0.0%) gas / (0xe7dd10a77c32236d6d67ffe669708b832f5e93e034cb1e35ec496896bf4f561e)","throwable":""}
{"timestamp":"2023-05-10T18:18:15,016","container":"aff49b4bf705","level":"INFO","thread":"BftProcessorExecutor-QBFT-0","class":"QbftBesuControllerBuilder","message":"Imported #121 / 0 tx / 0 pending / 0 (0.0%) gas / (0xc1f733d76c12baef2aed6db3ae9b0d9c93f39e9bff2288d04c8c39d027458d8d)","throwable":""}
{"timestamp":"2023-05-10T18:18:20,020","container":"aff49b4bf705","level":"INFO","thread":"BftProcessorExecutor-QBFT-0","class":"QbftBesuControllerBuilder","message":"Produced #122 / 0 tx / 0 pending / 0 (0.0%) gas / (0xcd0abe6997dc1ad820fc59047ef204dcb3cfbf29a0ad9e79b1706ecdbd3383e6)","throwable":""}
{"timestamp":"2023-05-10T18:18:25,017","container":"aff49b4bf705","level":"INFO","thread":"BftProcessorExecutor-QBFT-0","class":"QbftBesuControllerBuilder","message":"Imported #123 / 0 tx / 0 pending / 0 (0.0%) gas / (0x65b8e1a502e40a10bae748cbdc6b94c4730f18e54ee9c7febe845151bb0beae0)","throwable":""}
{"timestamp":"2023-05-10T18:18:30,015","container":"aff49b4bf705","level":"INFO","thread":"BftProcessorExecutor-QBFT-0","class":"QbftBesuControllerBuilder","message":"Imported #124 / 0 tx / 0 pending / 0 (0.0%) gas / (0x55873eeac6da140161b8260415d1abe00e966029a63a0fb017d084f6e78bec28)","throwable":""}
{"timestamp":"2023-05-10T18:18:35,022","container":"aff49b4bf705","level":"INFO","thread":"BftProcessorExecutor-QBFT-0","class":"QbftBesuControllerBuilder","message":"Imported #125 / 0 tx / 0 pending / 0 (0.0%) gas / (0x436228066e8b32390deb8314046d48dc2604e6a8fac773a4bccfce16986696f9)","throwable":""}
{"timestamp":"2023-05-10T18:18:40,014","container":"aff49b4bf705","level":"INFO","thread":"BftProcessorExecutor-QBFT-0","class":"QbftBesuControllerBuilder","message":"Produced #126 / 0 tx / 0 pending / 0 (0.0%) gas / (0x7d966de5f4b17a674c4dbefefbb7941968392b501868703bfadc333601f1f088)","throwable":""}
{"timestamp":"2023-05-10T18:18:45,026","container":"aff49b4bf705","level":"INFO","thread":"BftProcessorExecutor-QBFT-0","class":"QbftBesuControllerBuilder","message":"Imported #127 / 0 tx / 0 pending / 0 (0.0%) gas / (0x636614082f078abcc774bf326c0717f3f3f5aff19f90ec74136ef50b74905c01)","throwable":""}
{"timestamp":"2023-05-10T18:18:50,026","container":"aff49b4bf705","level":"INFO","thread":"EthScheduler-Workers-0","class":"PersistBlockTask","message":"Block 128 (0x784ffa6b4043204b75baec2b09a0f9229f154deaa4fe20c56ec9787c2231c68b) is already imported","throwable":""}
{"timestamp":"2023-05-10T18:18:50,026","container":"aff49b4bf705","level":"INFO","thread":"BftProcessorExecutor-QBFT-0","class":"QbftBesuControllerBuilder","message":"Imported #128 / 0 tx / 0 pending / 0 (0.0%) gas / (0x784ffa6b4043204b75baec2b09a0f9229f154deaa4fe20c56ec9787c2231c68b)","throwable":""}
{"timestamp":"2023-05-10T18:18:55,014","container":"aff49b4bf705","level":"INFO","thread":"BftProcessorExecutor-QBFT-0","class":"QbftBesuControllerBuilder","message":"Imported #129 / 0 tx / 0 pending / 0 (0.0%) gas / (0xa13a9991bfa38bce347e9af1b228378836d925b413f0a5053fb98ebdcdeb3a54)","throwable":""}
{"timestamp":"2023-05-10T18:19:00,019","container":"aff49b4bf705","level":"INFO","thread":"BftProcessorExecutor-QBFT-0","class":"QbftBesuControllerBuilder","message":"Produced #130 / 0 tx / 0 pending / 0 (0.0%) gas / (0x672d2baa2b0be9d6d46594660db0ba18807cd4712594fa1ced0a70689400250e)","throwable":""}
{"timestamp":"2023-05-10T18:19:05,017","container":"aff49b4bf705","level":"INFO","thread":"BftProcessorExecutor-QBFT-0","class":"QbftBesuControllerBuilder","message":"Imported #131 / 0 tx / 0 pending / 0 (0.0%) gas / (0xb8cebf48b66461cce7ff7135af169064c88bb0c68af9d51dfb14f694a5d20da0)","throwable":""}
{"timestamp":"2023-05-10T18:19:10,015","container":"aff49b4bf705","level":"INFO","thread":"BftProcessorExecutor-QBFT-0","class":"QbftBesuControllerBuilder","message":"Imported #132 / 0 tx / 0 pending / 0 (0.0%) gas / (0x3d31bd1779bf823e55e1e52b22256f87a9607d6abe47df942e97517fae077d1d)","throwable":""}
